<?xml version="1.0" encoding="utf-8"?>
<!--This Adobe Flex compiler configuration file was generated by a tool.-->
<!--Any modifications you make may be lost.-->
<flex-config>
  <target-player>10.1.0</target-player>
  <compiler>
    <define append="true">
      <name>CONFIG::debug</name>
      <value>true</value>
    </define>
    <define append="true">
      <name>CONFIG::release</name>
      <value>false</value>
    </define>
    <define append="true">
      <name>CONFIG::timeStamp</name>
      <value>'26/03/2011'</value>
    </define>
    <source-path append="true">
      <path-element>D:\cristiano\projetos\alternativa-test\test-iphone-1\src</path-element>
      <path-element>D:\cristiano\projetos\alternativa-test\test-iphone-1\lib</path-element>
      <path-element>D:\cristiano\projetos\alternativa-test\test-iphone-1\asset</path-element>
      <path-element>C:\Program Files\FlashDevelop\Library\AS3\classes</path-element>
    </source-path>
    <library-path append="true">
      <path-element>D:\cristiano\projetos\alternativa-test\test-iphone-1\lib\Alternativa3D 7.7.0.swc</path-element>
      <path-element>D:\cristiano\projetos\alternativa-test\test-iphone-1\lib\greensock.swc</path-element>
      <path-element>D:\cristiano\projetos\alternativa-test\test-iphone-1\lib\geleca.2.0.swc</path-element>
    </library-path>
  </compiler>
  <file-specs>
    <path-element>D:\cristiano\projetos\alternativa-test\test-iphone-1\src\Main.as</path-element>
  </file-specs>
  <default-background-color>#FFFFFF</default-background-color>
  <default-frame-rate>30</default-frame-rate>
  <default-size>
    <width>800</width>
    <height>600</height>
  </default-size>
</flex-config>